<?xml version="1.0" encoding="UTF-8"?>
<!-- Generated by org.testng.reporters.JUnitReportReporter -->
<testsuite hostname="DESKTOP-6T4V6P1" failures="0" tests="1" name="github.ReadDataFromcmdLine" time="0.024" errors="0" timestamp="2022-09-29T14:51:09 IST" skipped="0">
  <testcase classname="github.ReadDataFromcmdLine" name="parameters1" time="0.024"/>
  <system-out/>
</testsuite> <!-- github.ReadDataFromcmdLine -->
